D:\Coffee House\FrameworkCFHouse\CHAdmin\Assets\bower_components\sweetalert\tmp\modules\utils.js
D:\Coffee House\FrameworkCFHouse\CHAdmin\Assets\bower_components\sweetalert\tmp\modules\utils.js.map
D:\Coffee House\FrameworkCFHouse\CHAdmin\Assets\bower_components\sweetalert\typings\modules\utils.d.ts
D:\Coffee House\FrameworkCFHouse\CHAdmin\Assets\bower_components\sweetalert\tmp\modules\options\buttons.js
D:\Coffee House\FrameworkCFHouse\CHAdmin\Assets\bower_components\sweetalert\tmp\modules\options\buttons.js.map
D:\Coffee House\FrameworkCFHouse\CHAdmin\Assets\bower_components\sweetalert\typings\modules\options\buttons.d.ts
D:\Coffee House\FrameworkCFHouse\CHAdmin\Assets\bower_components\sweetalert\tmp\modules\options\content.js
D:\Coffee House\FrameworkCFHouse\CHAdmin\Assets\bower_components\sweetalert\tmp\modules\options\content.js.map
D:\Coffee House\FrameworkCFHouse\CHAdmin\Assets\bower_components\sweetalert\typings\modules\options\content.d.ts
D:\Coffee House\FrameworkCFHouse\CHAdmin\Assets\bower_components\sweetalert\tmp\modules\options\deprecations.js
D:\Coffee House\FrameworkCFHouse\CHAdmin\Assets\bower_components\sweetalert\tmp\modules\options\deprecations.js.map
D:\Coffee House\FrameworkCFHouse\CHAdmin\Assets\bower_components\sweetalert\typings\modules\options\deprecations.d.ts
D:\Coffee House\FrameworkCFHouse\CHAdmin\Assets\bower_components\sweetalert\tmp\modules\options\index.js
D:\Coffee House\FrameworkCFHouse\CHAdmin\Assets\bower_components\sweetalert\tmp\modules\options\index.js.map
D:\Coffee House\FrameworkCFHouse\CHAdmin\Assets\bower_components\sweetalert\typings\modules\options\index.d.ts
D:\Coffee House\FrameworkCFHouse\CHAdmin\Assets\bower_components\sweetalert\tmp\modules\class-list\index.js
D:\Coffee House\FrameworkCFHouse\CHAdmin\Assets\bower_components\sweetalert\tmp\modules\class-list\index.js.map
D:\Coffee House\FrameworkCFHouse\CHAdmin\Assets\bower_components\sweetalert\typings\modules\class-list\index.d.ts
D:\Coffee House\FrameworkCFHouse\CHAdmin\Assets\bower_components\sweetalert\tmp\modules\markup\modal.js
D:\Coffee House\FrameworkCFHouse\CHAdmin\Assets\bower_components\sweetalert\tmp\modules\markup\modal.js.map
D:\Coffee House\FrameworkCFHouse\CHAdmin\Assets\bower_components\sweetalert\typings\modules\markup\modal.d.ts
D:\Coffee House\FrameworkCFHouse\CHAdmin\Assets\bower_components\sweetalert\tmp\modules\markup\overlay.js
D:\Coffee House\FrameworkCFHouse\CHAdmin\Assets\bower_components\sweetalert\tmp\modules\markup\overlay.js.map
D:\Coffee House\FrameworkCFHouse\CHAdmin\Assets\bower_components\sweetalert\typings\modules\markup\overlay.d.ts
D:\Coffee House\FrameworkCFHouse\CHAdmin\Assets\bower_components\sweetalert\tmp\modules\markup\icons.js
D:\Coffee House\FrameworkCFHouse\CHAdmin\Assets\bower_components\sweetalert\tmp\modules\markup\icons.js.map
D:\Coffee House\FrameworkCFHouse\CHAdmin\Assets\bower_components\sweetalert\typings\modules\markup\icons.d.ts
D:\Coffee House\FrameworkCFHouse\CHAdmin\Assets\bower_components\sweetalert\tmp\modules\markup\content.js
D:\Coffee House\FrameworkCFHouse\CHAdmin\Assets\bower_components\sweetalert\tmp\modules\markup\content.js.map
D:\Coffee House\FrameworkCFHouse\CHAdmin\Assets\bower_components\sweetalert\typings\modules\markup\content.d.ts
D:\Coffee House\FrameworkCFHouse\CHAdmin\Assets\bower_components\sweetalert\tmp\modules\markup\buttons.js
D:\Coffee House\FrameworkCFHouse\CHAdmin\Assets\bower_components\sweetalert\tmp\modules\markup\buttons.js.map
D:\Coffee House\FrameworkCFHouse\CHAdmin\Assets\bower_components\sweetalert\typings\modules\markup\buttons.d.ts
D:\Coffee House\FrameworkCFHouse\CHAdmin\Assets\bower_components\sweetalert\tmp\modules\markup\index.js
D:\Coffee House\FrameworkCFHouse\CHAdmin\Assets\bower_components\sweetalert\tmp\modules\markup\index.js.map
D:\Coffee House\FrameworkCFHouse\CHAdmin\Assets\bower_components\sweetalert\typings\modules\markup\index.d.ts
D:\Coffee House\FrameworkCFHouse\CHAdmin\Assets\bower_components\sweetalert\tmp\modules\init\icon.js
D:\Coffee House\FrameworkCFHouse\CHAdmin\Assets\bower_components\sweetalert\tmp\modules\init\icon.js.map
D:\Coffee House\FrameworkCFHouse\CHAdmin\Assets\bower_components\sweetalert\typings\modules\init\icon.d.ts
D:\Coffee House\FrameworkCFHouse\CHAdmin\Assets\bower_components\sweetalert\tmp\modules\init\text.js
D:\Coffee House\FrameworkCFHouse\CHAdmin\Assets\bower_components\sweetalert\tmp\modules\init\text.js.map
D:\Coffee House\FrameworkCFHouse\CHAdmin\Assets\bower_components\sweetalert\typings\modules\init\text.d.ts
D:\Coffee House\FrameworkCFHouse\CHAdmin\Assets\bower_components\sweetalert\tmp\modules\state.js
D:\Coffee House\FrameworkCFHouse\CHAdmin\Assets\bower_components\sweetalert\tmp\modules\state.js.map
D:\Coffee House\FrameworkCFHouse\CHAdmin\Assets\bower_components\sweetalert\typings\modules\state.d.ts
D:\Coffee House\FrameworkCFHouse\CHAdmin\Assets\bower_components\sweetalert\tmp\modules\actions.js
D:\Coffee House\FrameworkCFHouse\CHAdmin\Assets\bower_components\sweetalert\tmp\modules\actions.js.map
D:\Coffee House\FrameworkCFHouse\CHAdmin\Assets\bower_components\sweetalert\typings\modules\actions.d.ts
D:\Coffee House\FrameworkCFHouse\CHAdmin\Assets\bower_components\sweetalert\tmp\modules\init\buttons.js
D:\Coffee House\FrameworkCFHouse\CHAdmin\Assets\bower_components\sweetalert\tmp\modules\init\buttons.js.map
D:\Coffee House\FrameworkCFHouse\CHAdmin\Assets\bower_components\sweetalert\typings\modules\init\buttons.d.ts
D:\Coffee House\FrameworkCFHouse\CHAdmin\Assets\bower_components\sweetalert\tmp\modules\init\content.js
D:\Coffee House\FrameworkCFHouse\CHAdmin\Assets\bower_components\sweetalert\tmp\modules\init\content.js.map
D:\Coffee House\FrameworkCFHouse\CHAdmin\Assets\bower_components\sweetalert\typings\modules\init\content.d.ts
D:\Coffee House\FrameworkCFHouse\CHAdmin\Assets\bower_components\sweetalert\tmp\modules\init\modal.js
D:\Coffee House\FrameworkCFHouse\CHAdmin\Assets\bower_components\sweetalert\tmp\modules\init\modal.js.map
D:\Coffee House\FrameworkCFHouse\CHAdmin\Assets\bower_components\sweetalert\typings\modules\init\modal.d.ts
D:\Coffee House\FrameworkCFHouse\CHAdmin\Assets\bower_components\sweetalert\tmp\modules\init\overlay.js
D:\Coffee House\FrameworkCFHouse\CHAdmin\Assets\bower_components\sweetalert\tmp\modules\init\overlay.js.map
D:\Coffee House\FrameworkCFHouse\CHAdmin\Assets\bower_components\sweetalert\typings\modules\init\overlay.d.ts
D:\Coffee House\FrameworkCFHouse\CHAdmin\Assets\bower_components\sweetalert\tmp\modules\event-listeners.js
D:\Coffee House\FrameworkCFHouse\CHAdmin\Assets\bower_components\sweetalert\tmp\modules\event-listeners.js.map
D:\Coffee House\FrameworkCFHouse\CHAdmin\Assets\bower_components\sweetalert\typings\modules\event-listeners.d.ts
D:\Coffee House\FrameworkCFHouse\CHAdmin\Assets\bower_components\sweetalert\tmp\modules\init\index.js
D:\Coffee House\FrameworkCFHouse\CHAdmin\Assets\bower_components\sweetalert\tmp\modules\init\index.js.map
D:\Coffee House\FrameworkCFHouse\CHAdmin\Assets\bower_components\sweetalert\typings\modules\init\index.d.ts
D:\Coffee House\FrameworkCFHouse\CHAdmin\Assets\bower_components\sweetalert\tmp\core.js
D:\Coffee House\FrameworkCFHouse\CHAdmin\Assets\bower_components\sweetalert\tmp\core.js.map
D:\Coffee House\FrameworkCFHouse\CHAdmin\Assets\bower_components\sweetalert\typings\core.d.ts
